<?xml version="1.0" encoding="UTF-8"?>
<!-- Generated by org.testng.reporters.JUnitReportReporter -->
<testsuite hostname="ZSCHN01LP0391" failures="0" tests="6" name="testScripts.ArticleTest" time="5.902" errors="0" timestamp="2024-02-16T12:35:53 IST" skipped="0">
  <testcase classname="testScripts.ArticleTest" name="InvalidloginTest" time="0.775"/>
  <testcase classname="testScripts.ArticleTest" name="validloginTest" time="0.865"/>
  <testcase classname="testScripts.ArticleTest" name="duplicateArticleTest" time="1.020"/>
  <testcase classname="testScripts.ArticleTest" name="newArticle" time="1.205"/>
  <testcase classname="testScripts.ArticleTest" name="update_Article" time="1.306"/>
  <testcase classname="testScripts.ArticleTest" name="delete_Article" time="0.731"/>
</testsuite> <!-- testScripts.ArticleTest -->
