<?xml version="1.0" encoding="UTF-8"?>
<!-- Generated by org.testng.reporters.JUnitReportReporter -->
<testsuite hostname="ZSCHN01LP0391" failures="0" tests="4" name="testScripts.ArticleTest" time="3.587" errors="0" timestamp="2024-02-15T10:54:42 IST" skipped="0">
  <testcase classname="testScripts.ArticleTest" name="loginTest" time="0.689"/>
  <testcase classname="testScripts.ArticleTest" name="newArticle" time="1.336"/>
  <testcase classname="testScripts.ArticleTest" name="update_Article" time="1.472"/>
  <testcase classname="testScripts.ArticleTest" name="delete_Article" time="0.090"/>
</testsuite> <!-- testScripts.ArticleTest -->
