<?xml version="1.0" encoding="UTF-8"?>
<!-- Generated by org.testng.reporters.JUnitReportReporter -->
<testsuite hostname="ZSCHN01LP0391" failures="0" tests="4" name="testScripts.ArticlePage" time="3.397" errors="0" timestamp="2024-02-14T10:11:13 IST" skipped="0">
  <testcase classname="testScripts.ArticlePage" name="loginTest" time="0.318"/>
  <testcase classname="testScripts.ArticlePage" name="newArticle" time="1.669"/>
  <testcase classname="testScripts.ArticlePage" name="update_Article" time="1.298"/>
  <testcase classname="testScripts.ArticlePage" name="delete_Article" time="0.112"/>
</testsuite> <!-- testScripts.ArticlePage -->
