<?xml version="1.0" encoding="UTF-8"?>
<!-- Generated by org.testng.reporters.JUnitReportReporter -->
<testsuite hostname="ZSCHN01LP0391" failures="0" tests="4" name="testScripts.ArticleTest" time="4.006" errors="0" timestamp="2024-02-15T16:41:44 IST" skipped="0">
  <testcase classname="testScripts.ArticleTest" name="loginTest" time="0.759"/>
  <testcase classname="testScripts.ArticleTest" name="newArticle" time="1.273"/>
  <testcase classname="testScripts.ArticleTest" name="update_Article" time="1.206"/>
  <testcase classname="testScripts.ArticleTest" name="delete_Article" time="0.768"/>
</testsuite> <!-- testScripts.ArticleTest -->
